<?xml version="1.0" encoding="UTF-8"?>
<!-- Generated by org.testng.reporters.JUnitReportReporter -->
<testsuite hostname="DESKTOP-GJS5V43" failures="0" tests="1" name="com.shopperstop_TestScript.check_user_can_delete_the_Address_Test" time="35.734" errors="0" timestamp="2024-04-18T09:50:07 IST" skipped="0">
  <testcase classname="com.shopperstop_TestScript.check_user_can_delete_the_Address_Test" name="deleteAddress" time="35.734"/>
</testsuite> <!-- com.shopperstop_TestScript.check_user_can_delete_the_Address_Test -->
