<?xml version="1.0" encoding="UTF-8"?>
<!-- Generated by org.testng.reporters.JUnitReportReporter -->
<testsuite hostname="DESKTOP-GJS5V43" failures="0" tests="1" name="com.shopperstop_TestScript.check_user_can_Add_the_Address" time="16.476" errors="0" timestamp="2024-04-05T11:00:13 IST" skipped="0">
  <testcase classname="com.shopperstop_TestScript.check_user_can_Add_the_Address" name="addAddress" time="16.476"/>
</testsuite> <!-- com.shopperstop_TestScript.check_user_can_Add_the_Address -->
